<?xml version="1.0" encoding="UTF-8"?>
<!-- Generated by org.testng.reporters.JUnitXMLReporter -->
<testsuite ignored="0" hostname="DESKTOP-G4PK516" failures="0" tests="4" name="Test" time="5.929" errors="0" timestamp="2023-04-10T22:27:44 TRT">
  <testcase classname="day8.CreateUser" name="test_createUser" time="2.063"/>
  <testcase classname="day8.GetUser" name="test_getUser" time="0.847"/>
  <testcase classname="day8.UpdateUser" name="test_updateUser" time="2.211"/>
  <testcase classname="day8.DeleteUser" name="test_DeleteUser" time="0.782"/>
</testsuite> <!-- Test -->
